TN:
SF:src\modules\characters\services\CreateCharacterServices.ts
FN:1,(empty-report)
FNF:1
FNH:0
FNDA:0,(empty-report)
DA:1,0
DA:2,0
DA:3,0
DA:4,0
DA:5,0
DA:6,0
DA:7,0
DA:8,0
DA:9,0
DA:10,0
DA:11,0
DA:12,0
DA:13,0
DA:14,0
DA:15,0
DA:16,0
DA:17,0
DA:18,0
DA:19,0
DA:20,0
DA:21,0
DA:22,0
DA:23,0
DA:24,0
LF:24
LH:0
BRDA:1,0,0,0
BRF:1
BRH:0
end_of_record
TN:
SF:src\modules\characters\services\UpdateCharacterService.ts
FN:1,(empty-report)
FNF:1
FNH:0
FNDA:0,(empty-report)
DA:1,0
DA:2,0
DA:3,0
DA:4,0
DA:5,0
DA:6,0
DA:7,0
DA:8,0
DA:9,0
DA:10,0
DA:11,0
DA:12,0
DA:13,0
DA:14,0
DA:15,0
DA:16,0
DA:17,0
DA:18,0
DA:19,0
DA:20,0
DA:21,0
DA:22,0
DA:23,0
DA:24,0
LF:24
LH:0
BRDA:1,0,0,0
BRF:1
BRH:0
end_of_record
TN:
SF:src\modules\villages\services\CreateVillageService.ts
FN:8,CreateVillageService
FN:14,Object.<anonymous>.CreateVillageService.execute
FNF:2
FNH:2
FNDA:2,CreateVillageService
FNDA:3,Object.<anonymous>.CreateVillageService.execute
DA:1,1
DA:2,1
DA:3,1
DA:4,1
DA:5,1
DA:6,1
DA:7,1
DA:8,1
DA:9,2
DA:10,2
DA:11,2
DA:12,1
DA:13,1
DA:14,1
DA:15,3
DA:16,3
DA:17,1
DA:18,1
DA:19,2
DA:20,2
DA:21,3
DA:22,3
DA:23,3
DA:24,1
LF:24
LH:24
BRDA:7,0,0,1
BRDA:8,1,0,2
BRDA:14,2,0,3
BRDA:15,3,0,3
BRDA:16,4,0,1
BRDA:19,5,0,2
BRF:6
BRH:6
end_of_record
TN:
SF:src\modules\villages\services\DeleteVillageService.ts
FN:9,DeleteVillageService
FN:14,Object.<anonymous>.DeleteVillageService.execute
FNF:2
FNH:2
FNDA:1,DeleteVillageService
FNDA:1,Object.<anonymous>.DeleteVillageService.execute
DA:1,1
DA:2,1
DA:3,1
DA:4,1
DA:5,1
DA:6,1
DA:7,1
DA:8,1
DA:9,1
DA:10,1
DA:11,1
DA:12,1
DA:13,1
DA:14,1
DA:15,1
DA:16,1
DA:17,1
DA:18,1
DA:19,0
DA:20,1
DA:21,1
LF:21
LH:20
BRDA:7,0,0,1
BRDA:9,1,0,1
BRDA:14,2,0,1
BRDA:15,3,0,1
BRDA:19,4,0,0
BRF:5
BRH:4
end_of_record
TN:
SF:src\modules\villages\services\FindByIDVillageService.ts
FN:7,FindVillageServiceById
FN:12,Object.<anonymous>.FindVillageServiceById.execute
FNF:2
FNH:2
FNDA:2,FindVillageServiceById
FNDA:1,Object.<anonymous>.FindVillageServiceById.execute
DA:1,1
DA:2,1
DA:3,1
DA:4,1
DA:5,1
DA:6,2
DA:7,2
DA:8,2
DA:9,2
DA:10,2
DA:11,2
DA:12,2
DA:13,1
DA:14,1
DA:15,1
DA:16,2
LF:16
LH:16
BRDA:6,0,0,2
BRDA:7,1,0,2
BRDA:12,2,0,1
BRDA:13,3,0,1
BRF:4
BRH:4
end_of_record
TN:
SF:src\modules\villages\services\FindByNameVillageService.ts
FN:7,FindVillageServiceByName
FN:12,Object.<anonymous>.FindVillageServiceByName.execute
FNF:2
FNH:2
FNDA:1,FindVillageServiceByName
FNDA:1,Object.<anonymous>.FindVillageServiceByName.execute
DA:1,1
DA:2,1
DA:3,1
DA:4,1
DA:5,1
DA:6,1
DA:7,1
DA:8,1
DA:9,1
DA:10,1
DA:11,1
DA:12,1
DA:13,1
DA:14,1
DA:15,1
DA:16,1
LF:16
LH:16
BRDA:6,0,0,1
BRDA:7,1,0,1
BRDA:12,2,0,1
BRDA:13,3,0,1
BRF:4
BRH:4
end_of_record
TN:
SF:src\modules\villages\services\FindVillageServices.ts
FN:7,FindVillageService
FN:12,Object.<anonymous>.FindVillageService.execute
FNF:2
FNH:2
FNDA:1,FindVillageService
FNDA:1,Object.<anonymous>.FindVillageService.execute
DA:1,1
DA:2,1
DA:3,1
DA:4,1
DA:5,1
DA:6,1
DA:7,1
DA:8,1
DA:9,1
DA:10,1
DA:11,1
DA:12,1
DA:13,1
DA:14,1
DA:15,1
DA:16,1
LF:16
LH:16
BRDA:6,0,0,1
BRDA:7,1,0,1
BRDA:12,2,0,1
BRDA:13,3,0,1
BRF:4
BRH:4
end_of_record
TN:
SF:src\modules\villages\services\UpdateVillageService.ts
FN:1,(empty-report)
FNF:1
FNH:0
FNDA:0,(empty-report)
DA:1,0
DA:2,0
DA:3,0
DA:4,0
DA:5,0
DA:6,0
DA:7,0
DA:8,0
DA:9,0
DA:10,0
DA:11,0
DA:12,0
DA:13,0
DA:14,0
DA:15,0
DA:16,0
DA:17,0
DA:18,0
DA:19,0
DA:20,0
DA:21,0
DA:22,0
DA:23,0
DA:24,0
DA:25,0
DA:26,0
DA:27,0
LF:27
LH:0
BRDA:1,0,0,0
BRF:1
BRH:0
end_of_record
